<?xml version="1.0" encoding="UTF-8"?>
<!-- Generated by org.testng.reporters.JUnitReportReporter -->
<testsuite hostname="DESKTOP-86U2456" failures="0" tests="1" name="Test_Runner.PlanTestRunner" time="7.365" errors="0" timestamp="2023-11-20T19:47:15 EST" skipped="0">
  <testcase classname="Test_Runner.PlanTestRunner" name="feature" time="7.365"/>
  <system-out/>
</testsuite> <!-- Test_Runner.PlanTestRunner -->
